[debug] [2021-08-01T11:28:07.955Z] ----------------------------------------------------------------------
[debug] [2021-08-01T11:28:07.958Z] Command:       C:\Program Files\nodejs\node.exe C:\Users\tusha\AppData\Roaming\npm\node_modules\firebase-tools\lib\bin\firebase.js functions:shell
[debug] [2021-08-01T11:28:07.958Z] CLI Version:   9.16.0
[debug] [2021-08-01T11:28:07.958Z] Platform:      win32
[debug] [2021-08-01T11:28:07.958Z] Node Version:  v14.16.1
[debug] [2021-08-01T11:28:07.959Z] Time:          Sun Aug 01 2021 16:58:07 GMT+0530 (India Standard Time)
[debug] [2021-08-01T11:28:07.959Z] ----------------------------------------------------------------------
[debug] 
[debug] [2021-08-01T11:28:08.018Z] > command requires scopes: ["email","openid","https://www.googleapis.com/auth/cloudplatformprojects.readonly","https://www.googleapis.com/auth/firebase","https://www.googleapis.com/auth/cloud-platform"]
[debug] [2021-08-01T11:28:08.019Z] > authorizing via signed-in user (tushar.aroraa777@gmail.com)
[debug] [2021-08-01T11:28:08.019Z] [iam] checking project clone-2-a518f for permissions ["firebase.projects.get"]
[debug] [2021-08-01T11:28:08.021Z] >>> HTTP REQUEST POST https://cloudresourcemanager.googleapis.com/v1/projects/clone-2-a518f:testIamPermissions  
 {"permissions":["firebase.projects.get"]}
[debug] [2021-08-01T11:28:09.948Z] <<< HTTP RESPONSE 200 {"content-type":"application/json; charset=UTF-8","vary":"X-Origin, Referer, Origin,Accept-Encoding","date":"Sun, 01 Aug 2021 11:28:10 GMT","server":"ESF","cache-control":"private","x-xss-protection":"0","x-frame-options":"SAMEORIGIN","x-content-type-options":"nosniff","server-timing":"gfet4t7; dur=1319","alt-svc":"h3=\":443\"; ma=2592000,h3-29=\":443\"; ma=2592000,h3-T051=\":443\"; ma=2592000,h3-Q050=\":443\"; ma=2592000,h3-Q046=\":443\"; ma=2592000,h3-Q043=\":443\"; ma=2592000,quic=\":443\"; ma=2592000; v=\"46,43\"","accept-ranges":"none","transfer-encoding":"chunked"}
[debug] [2021-08-01T11:28:09.978Z] [functions] Using node@14 from host.
[debug] [2021-08-01T11:28:09.980Z] defaultcredentials: writing to file C:\Users\tusha\AppData\Roaming\firebase\tushar_aroraa777_gmail.com_application_default_credentials.json
[debug] [2021-08-01T11:28:09.982Z] DEBUG: Setting GAC to C:\Users\tusha\AppData\Roaming\firebase\tushar_aroraa777_gmail.com_application_default_credentials.json
[debug] [2021-08-01T11:28:09.985Z] > refreshing access token with scopes: []
[debug] [2021-08-01T11:28:09.985Z] >>> HTTP REQUEST POST https://www.googleapis.com/oauth2/v3/token  
 <request body omitted>
[debug] [2021-08-01T11:28:10.492Z] <<< HTTP RESPONSE 200 {"date":"Sun, 01 Aug 2021 11:28:11 GMT","expires":"Mon, 01 Jan 1990 00:00:00 GMT","pragma":"no-cache","cache-control":"no-cache, no-store, max-age=0, must-revalidate","content-type":"application/json; charset=utf-8","vary":"X-Origin, Referer, Origin,Accept-Encoding","server":"scaffolding on HTTPServer2","x-xss-protection":"0","x-frame-options":"SAMEORIGIN","x-content-type-options":"nosniff","alt-svc":"h3=\":443\"; ma=2592000,h3-29=\":443\"; ma=2592000,h3-T051=\":443\"; ma=2592000,h3-Q050=\":443\"; ma=2592000,h3-Q046=\":443\"; ma=2592000,h3-Q043=\":443\"; ma=2592000,quic=\":443\"; ma=2592000; v=\"46,43\"","accept-ranges":"none","transfer-encoding":"chunked"}
[debug] [2021-08-01T11:28:10.516Z] >>> [apiv2][query] GET https://firebase.googleapis.com/v1beta1/projects/clone-2-a518f/adminSdkConfig [none]
[debug] [2021-08-01T11:28:14.077Z] <<< [apiv2][status] GET https://firebase.googleapis.com/v1beta1/projects/clone-2-a518f/adminSdkConfig 200
[debug] [2021-08-01T11:28:14.078Z] <<< [apiv2][body] GET https://firebase.googleapis.com/v1beta1/projects/clone-2-a518f/adminSdkConfig {"projectId":"clone-2-a518f","databaseURL":"https://clone-2-a518f-default-rtdb.firebaseio.com","storageBucket":"clone-2-a518f.appspot.com","locationId":"us-west4"}
[debug] [2021-08-01T11:28:14.105Z] [functions] Watching "D:\Amazon_clone\amazon\functions" for Cloud Functions...
[debug] [2021-08-01T11:28:14.120Z] DEBUG: [worker-pool] addWorker(~diagnostic~)
[debug] [2021-08-01T11:28:14.120Z] DEBUG: [worker-pool] Adding worker with key ~diagnostic~, total=1
[debug] [2021-08-01T11:28:14.120Z] DEBUG: [worker-pool] submitWork(triggerId=)
[debug] [2021-08-01T11:28:14.122Z] DEBUG: [worker-~diagnostic~-e39b920b-8032-447d-bff8-3d541e797295]: Assigning socketPath: \\?\pipe\D:\Amazon_clone\amazon\functions\27028
[debug] [2021-08-01T11:28:14.124Z] DEBUG: [worker-~diagnostic~-e39b920b-8032-447d-bff8-3d541e797295]: BUSY
[info] >  Debugger listening on ws://127.0.0.1:55439/145d3ce6-3704-49e3-9843-6acf63610621 {"user":"Debugger listening on ws://127.0.0.1:55439/145d3ce6-3704-49e3-9843-6acf63610621\r","metadata":{"emulator":{"name":"functions"},"message":"\u001b[90m> \u001b[39m Debugger listening on ws://127.0.0.1:55439/145d3ce6-3704-49e3-9843-6acf63610621\r"}}
[info] >  For help, see: https://nodejs.org/en/docs/inspector {"user":"For help, see: https://nodejs.org/en/docs/inspector\r","metadata":{"emulator":{"name":"functions"},"message":"\u001b[90m> \u001b[39m For help, see: https://nodejs.org/en/docs/inspector\r"}}
[info] >  Debugger attached. {"user":"Debugger attached.\r","metadata":{"emulator":{"name":"functions"},"message":"\u001b[90m> \u001b[39m Debugger attached.\r"}}
[debug] [2021-08-01T11:28:14.621Z] DEBUG: [runtime-status] [27028] Functions runtime initialized. {"cwd":"D:\\Amazon_clone\\amazon\\functions","node_version":"14.16.1"}
[debug] [2021-08-01T11:28:14.623Z] DEBUG: [runtime-status] [27028] Disabled runtime features: undefined
[debug] [2021-08-01T11:28:14.627Z] DEBUG: [runtime-status] [27028] Resolved module firebase-admin {"declared":true,"installed":true,"version":"9.11.0","resolution":"D:\\Amazon_clone\\amazon\\functions\\node_modules\\firebase-admin\\lib\\index.js"}
[debug] [2021-08-01T11:28:14.629Z] DEBUG: [runtime-status] [27028] Resolved module firebase-functions {"declared":true,"installed":true,"version":"3.14.1","resolution":"D:\\Amazon_clone\\amazon\\functions\\node_modules\\firebase-functions\\lib\\index.js"}
[debug] [2021-08-01T11:28:14.631Z] DEBUG: [runtime-status] [27028] Resolved module firebase-functions {"declared":true,"installed":true,"version":"3.14.1","resolution":"D:\\Amazon_clone\\amazon\\functions\\node_modules\\firebase-functions\\lib\\index.js"}
[debug] [2021-08-01T11:28:14.632Z] DEBUG: [runtime-status] [27028] Outgoing network have been stubbed. [{"name":"http","status":"mocked"},{"name":"http","status":"mocked"},{"name":"https","status":"mocked"},{"name":"https","status":"mocked"},{"name":"net","status":"mocked"}]
[debug] [2021-08-01T11:28:14.632Z] DEBUG: [runtime-status] [27028] Resolved module firebase-functions {"declared":true,"installed":true,"version":"3.14.1","resolution":"D:\\Amazon_clone\\amazon\\functions\\node_modules\\firebase-functions\\lib\\index.js"}
[debug] [2021-08-01T11:28:14.706Z] DEBUG: [runtime-status] [27028] Checked functions.config() {"config":{}}
[debug] [2021-08-01T11:28:14.706Z] DEBUG: [runtime-status] [27028] firebase-functions has been stubbed. {"functionsResolution":{"declared":true,"installed":true,"version":"3.14.1","resolution":"D:\\Amazon_clone\\amazon\\functions\\node_modules\\firebase-functions\\lib\\index.js"}}
[debug] [2021-08-01T11:28:14.706Z] DEBUG: [runtime-status] [27028] Resolved module firebase-functions {"declared":true,"installed":true,"version":"3.14.1","resolution":"D:\\Amazon_clone\\amazon\\functions\\node_modules\\firebase-functions\\lib\\index.js"}
[debug] [2021-08-01T11:28:14.708Z] DEBUG: [runtime-status] [27028] Resolved module firebase-admin {"declared":true,"installed":true,"version":"9.11.0","resolution":"D:\\Amazon_clone\\amazon\\functions\\node_modules\\firebase-admin\\lib\\index.js"}
[debug] [2021-08-01T11:28:14.708Z] DEBUG: [runtime-status] [27028] Resolved module firebase-functions {"declared":true,"installed":true,"version":"3.14.1","resolution":"D:\\Amazon_clone\\amazon\\functions\\node_modules\\firebase-functions\\lib\\index.js"}
[debug] [2021-08-01T11:28:14.709Z] DEBUG: [runtime-status] [27028] firebase-admin has been stubbed. {"adminResolution":{"declared":true,"installed":true,"version":"9.11.0","resolution":"D:\\Amazon_clone\\amazon\\functions\\node_modules\\firebase-admin\\lib\\index.js"}}
[debug] [2021-08-01T11:28:14.991Z] [functions[us-central1-api]] http function initialized (http://localhost:5001/clone-2-a518f/us-central1/api).
[info] i  functions: Loaded functions: api 
[warn] !  functions: The following emulators are not running, calls to these services will affect production: firestore, database, pubsub, storage 
[debug] [2021-08-01T11:28:15.024Z] DEBUG: [worker-~diagnostic~-e39b920b-8032-447d-bff8-3d541e797295]: IDLE
